<?xml version="1.0" encoding="UTF-8"?>
<!-- Generated by org.testng.reporters.JUnitXMLReporter -->
<testsuite ignored="0" hostname="Sreejaa" failures="1" tests="1" name="FuncTest" time="47.36" errors="0" timestamp="2021-03-08T18:40:42 EST">
  <testcase classname="Sample.Trial2" name="Titleprint" time="45.992">
    <failure type="java.lang.AssertionError" message="expected [true] but found [false]">
      <![CDATA[java.lang.AssertionError: expected [true] but found [false]
at Sample.Trial2.Titleprint(Trial2.java:20)
at java.base/java.util.ArrayList.forEach(ArrayList.java:1511)
... Removed 31 stack frames]]>
    </failure>
  </testcase> <!-- Titleprint -->
</testsuite> <!-- FuncTest -->
