<?xml version="1.0" encoding="UTF-8"?>
<!-- Generated by org.testng.reporters.JUnitXMLReporter -->
<testsuite ignored="2" hostname="Sreejaa" failures="2" tests="3" name="Regression Test" time="0.237" errors="0" timestamp="2021-03-08T18:33:54 EST">
  <testcase classname="Sample.GroupsDemo" name="atest1" time="0.012"/>
  <testcase classname="Sample.GroupsDemo" name="ctest3" time="0.008">
    <failure type="java.lang.AssertionError" message="expected [true] but found [false]">
      <![CDATA[java.lang.AssertionError: expected [true] but found [false]
at Sample.GroupsDemo.ctest3(GroupsDemo.java:21)
at java.base/java.util.ArrayList.forEach(ArrayList.java:1511)
... Removed 31 stack frames]]>
    </failure>
  </testcase> <!-- ctest3 -->
  <testcase classname="Sample.GroupsDemo" name="ctest3" time="0.124">
    <failure type="java.lang.NullPointerException" message="Cannot invoke &amp;quot;org.openqa.selenium.TakesScreenshot.getScreenshotAs(org.openqa.selenium.OutputType)&amp;quot; because &amp;quot;Sample.CopyFileUtils.driver&amp;quot; is null">
      <![CDATA[java.lang.NullPointerException: Cannot invoke "org.openqa.selenium.TakesScreenshot.getScreenshotAs(org.openqa.selenium.OutputType)" because "Sample.CopyFileUtils.driver" is null
at Sample.CopyFileUtils.getScreenshot(CopyFileUtils.java:21)
at Sample.Listeners.onTestFailure(Listeners.java:30)
at java.base/java.util.ArrayList.forEach(ArrayList.java:1511)
... Removed 24 stack frames]]>
    </failure>
  </testcase> <!-- ctest3 -->
  <testcase classname="Sample.GroupsDemo" name="btest2" time="0.0">
    <ignored/>
  </testcase> <!-- btest2 -->
  <testcase classname="Sample.Trial2" name="Titleprint" time="0.0">
    <ignored/>
  </testcase> <!-- Titleprint -->
</testsuite> <!-- Regression Test -->
