<?xml version="1.0" encoding="UTF-8"?>
<!-- Generated by org.testng.reporters.JUnitReportReporter -->
<testsuite hostname="Sreejaa" failures="1" tests="3" name="Sample.ReportsTest" time="14.853" errors="0" timestamp="2021-03-08T19:18:50 EST" skipped="0">
  <testcase classname="Sample.ReportsTest" name="reporterTest3" time="0.008"/>
  <system-out>
Method is -reporterTest3 <a href= "C:\Users\ShankarSathya\eclipse-workspace\SeleniumTesting\screenshot\Sun-Mar-07-16-58-04-EST-2021.png">Test Result </a> Status of exection is -1  </system-out>
  <testcase classname="Sample.ReportsTest" name="reporterTest2" time="0.006"/>
  <system-out>
Method is -reporterTest2 <a href= "C:\Users\ShankarSathya\eclipse-workspace\SeleniumTesting\screenshot\Sun-Mar-07-16-58-04-EST-2021.png">Test Result </a> This is Test2 Status of exection is -1  </system-out>
  <testcase classname="Sample.ReportsTest" name="reporterTest1" time="14.839">
    <failure message="expected [true] but found [false]" type="java.lang.AssertionError">
      <![CDATA[java.lang.AssertionError: expected [true] but found [false]
at org.testng.Assert.fail(Assert.java:99)
at org.testng.Assert.failNotEquals(Assert.java:1037)
at org.testng.Assert.assertTrue(Assert.java:45)
at org.testng.Assert.assertTrue(Assert.java:55)
at Sample.ReportsTest.reporterTest1(ReportsTest.java:19)
at java.base/jdk.internal.reflect.NativeMethodAccessorImpl.invoke0(Native Method)
at java.base/jdk.internal.reflect.NativeMethodAccessorImpl.invoke(NativeMethodAccessorImpl.java:62)
at java.base/jdk.internal.reflect.DelegatingMethodAccessorImpl.invoke(DelegatingMethodAccessorImpl.java:43)
at java.base/java.lang.reflect.Method.invoke(Method.java:564)
at org.testng.internal.MethodInvocationHelper.invokeMethod(MethodInvocationHelper.java:132)
at org.testng.internal.TestInvoker.invokeMethod(TestInvoker.java:599)
at org.testng.internal.TestInvoker.invokeTestMethod(TestInvoker.java:174)
at org.testng.internal.MethodRunner.runInSequence(MethodRunner.java:46)
at org.testng.internal.TestInvoker$MethodInvocationAgent.invoke(TestInvoker.java:822)
at org.testng.internal.TestInvoker.invokeTestMethods(TestInvoker.java:147)
at org.testng.internal.TestMethodWorker.invokeTestMethods(TestMethodWorker.java:146)
at org.testng.internal.TestMethodWorker.run(TestMethodWorker.java:128)
at java.base/java.util.ArrayList.forEach(ArrayList.java:1511)
at org.testng.TestRunner.privateRun(TestRunner.java:764)
at org.testng.TestRunner.run(TestRunner.java:585)
at org.testng.SuiteRunner.runTest(SuiteRunner.java:384)
at org.testng.SuiteRunner.runSequentially(SuiteRunner.java:378)
at org.testng.SuiteRunner.privateRun(SuiteRunner.java:337)
at org.testng.SuiteRunner.run(SuiteRunner.java:286)
at org.testng.SuiteRunnerWorker.runSuite(SuiteRunnerWorker.java:53)
at org.testng.SuiteRunnerWorker.run(SuiteRunnerWorker.java:96)
at org.testng.TestNG.runSuitesSequentially(TestNG.java:1218)
at org.testng.TestNG.runSuitesLocally(TestNG.java:1140)
at org.testng.TestNG.runSuites(TestNG.java:1069)
at org.testng.TestNG.run(TestNG.java:1037)
at org.testng.remote.AbstractRemoteTestNG.run(AbstractRemoteTestNG.java:115)
at org.testng.remote.RemoteTestNG.initAndRun(RemoteTestNG.java:251)
at org.testng.remote.RemoteTestNG.main(RemoteTestNG.java:77)
]]>
    </failure>
  </testcase> <!-- reporterTest1 -->
  <system-out>
Method is -reporterTest1 <a href= "C:\Users\ShankarSathya\eclipse-workspace\SeleniumTesting\screenshot\Sun-Mar-07-16-58-04-EST-2021.png">Test Result </a> <a href= "C:\Users\ShankarSathya\eclipse-workspace\SeleniumTesting\screenshot\Sun-Mar-07-16-58-04-EST-2021.png">Test Result </a>  </system-out>
</testsuite> <!-- Sample.ReportsTest -->
